<?xml version="1.0" encoding="UTF-8"?>
<!-- Generated by org.testng.reporters.JUnitReportReporter -->
<testsuite hostname="LAPTOP-6AITHIOJ" failures="0" tests="5" name="testng.AnnotationAttributes" time="17.116" errors="0" timestamp="2025-07-17T15:28:23 IST" skipped="1">
  <testcase classname="testng.AnnotationAttributes" name="Register" time="4.584"/>
  <testcase classname="testng.AnnotationAttributes" name="Register" time="4.543"/>
  <testcase classname="testng.AnnotationAttributes" name="Register" time="4.308"/>
  <testcase classname="testng.AnnotationAttributes" name="Register" time="3.681"/>
  <testcase classname="testng.AnnotationAttributes" name="login">
    <skipped/>
  </testcase> <!-- login -->
</testsuite> <!-- testng.AnnotationAttributes -->
