<?xml version="1.0" encoding="UTF-8"?>
<!-- Generated by org.testng.reporters.JUnitReportReporter -->
<testsuite hostname="LAPTOP-6AITHIOJ" failures="0" tests="1" name="testng.TestScript3" time="9.037" errors="0" timestamp="2025-07-21T16:16:10 IST" skipped="0">
  <testcase classname="testng.TestScript3" name="clickOnElectronics" time="9.037">
    <system-out>
      <![CDATA[Electronics page is displayed]]>
    </system-out>
  </testcase> <!-- clickOnElectronics -->
  <system-out>
    <![CDATA[Computers page is displayed
Books page is displayed
Electronics page is displayed]]>
  </system-out>
</testsuite> <!-- testng.TestScript3 -->
