<?xml version="1.0" encoding="UTF-8"?>
<!-- Generated by org.testng.reporters.JUnitReportReporter -->
<testsuite hostname="LAPTOP-6AITHIOJ" failures="0" tests="1" name="testng.Bugatti" time="4.072" errors="0" timestamp="2025-07-18T15:43:05 IST" skipped="0">
  <testcase classname="testng.Bugatti" name="launch" time="4.072">
    <system-out>
      <![CDATA[Bugatti launched]]>
    </system-out>
  </testcase> <!-- launch -->
  <system-out>
    <![CDATA[Toyota launched
RollsRoyce launched
Bugatti launched]]>
  </system-out>
</testsuite> <!-- testng.Bugatti -->
