<?xml version="1.0" encoding="UTF-8"?>
<!-- Generated by org.testng.reporters.JUnitReportReporter -->
<testsuite hostname="LAPTOP-6AITHIOJ" failures="0" tests="4" name="dataProvider.LearnDataProvider" time="9.720" errors="0" timestamp="2025-07-24T08:46:16 IST" skipped="0">
  <testcase classname="dataProvider.LearnDataProvider" name="login" time="3.844"/>
  <testcase classname="dataProvider.LearnDataProvider" name="login" time="1.955"/>
  <testcase classname="dataProvider.LearnDataProvider" name="login" time="1.921"/>
  <testcase classname="dataProvider.LearnDataProvider" name="login" time="2.000"/>
</testsuite> <!-- dataProvider.LearnDataProvider -->
