<?xml version="1.0" encoding="UTF-8"?>
<!-- Generated by org.testng.reporters.JUnitReportReporter -->
<testsuite hostname="LAPTOP-6AITHIOJ" failures="0" tests="1" name="testng.Yamaha" time="6.056" errors="0" timestamp="2025-07-21T12:27:05 IST" skipped="0">
  <testcase classname="testng.Yamaha" name="launch" time="6.056">
    <system-out>
      <![CDATA[Yamaha launched]]>
    </system-out>
  </testcase> <!-- launch -->
  <system-out>
    <![CDATA[Kawasaki launched
Yamaha launched
KTM launched]]>
  </system-out>
</testsuite> <!-- testng.Yamaha -->
