<?xml version="1.0" encoding="UTF-8"?>
<!-- Generated by org.testng.reporters.JUnitReportReporter -->
<testsuite hostname="LAPTOP-6AITHIOJ" failures="0" tests="1" name="test1.sampleTest" time="20.298" errors="0" timestamp="2025-07-31T21:10:19 IST" skipped="0">
  <testcase classname="test1.sampleTest" name="dream11" time="20.298"/>
</testsuite> <!-- test1.sampleTest -->
