<?xml version="1.0" encoding="UTF-8"?>
<!-- Generated by org.testng.reporters.JUnitReportReporter -->
<testsuite hostname="LAPTOP-6AITHIOJ" failures="0" tests="1" name="testng.wipro" time="5.282" errors="0" timestamp="2025-07-21T16:28:59 IST" skipped="0">
  <testcase classname="testng.wipro" name="launch" time="5.282">
    <system-out>
      <![CDATA[wipro launched]]>
    </system-out>
  </testcase> <!-- launch -->
  <system-out>
    <![CDATA[wipro launched
infosys launched]]>
  </system-out>
</testsuite> <!-- testng.wipro -->
