<?xml version="1.0" encoding="UTF-8"?>
<!-- Generated by org.testng.reporters.JUnitReportReporter -->
<testsuite hostname="LAPTOP-6AITHIOJ" failures="0" tests="1" name="testng.TestScript" time="4.940" errors="0" timestamp="2025-07-21T16:16:10 IST" skipped="0">
  <testcase classname="testng.TestScript" name="clickOnBooks" time="4.940">
    <system-out>
      <![CDATA[Books page is displayed]]>
    </system-out>
  </testcase> <!-- clickOnBooks -->
  <system-out>
    <![CDATA[Computers page is displayed
Books page is displayed
Electronics page is displayed]]>
  </system-out>
</testsuite> <!-- testng.TestScript -->
