<?xml version="1.0" encoding="UTF-8"?>
<!-- Generated by org.testng.reporters.JUnitReportReporter -->
<testsuite hostname="LAPTOP-6AITHIOJ" failures="0" tests="1" name="testng.Lamborghini" time="3.534" errors="0" timestamp="2025-07-17T16:17:14 IST" skipped="0">
  <testcase classname="testng.Lamborghini" name="launch" time="3.534">
    <system-out>
      <![CDATA[Lamborghini launched]]>
    </system-out>
  </testcase> <!-- launch -->
  <system-out>
    <![CDATA[Toyota launched
Lamborghini launched
RollsRoyce launched
Bugatti launched]]>
  </system-out>
</testsuite> <!-- testng.Lamborghini -->
