<?xml version="1.0" encoding="UTF-8"?>
<!-- Generated by org.testng.reporters.JUnitReportReporter -->
<testsuite hostname="LAPTOP-6AITHIOJ" failures="0" tests="3" name="Assignment.assignment37" time="0.023" errors="0" timestamp="2025-07-17T11:04:18 IST" skipped="0">
  <testcase classname="Assignment.assignment37" name="createAccount" time="0.017">
    <system-out>
      <![CDATA[Account is created]]>
    </system-out>
  </testcase> <!-- createAccount -->
  <testcase classname="Assignment.assignment37" name="editAccount" time="0.002">
    <system-out>
      <![CDATA[Account is edited]]>
    </system-out>
  </testcase> <!-- editAccount -->
  <testcase classname="Assignment.assignment37" name="deleteAccount" time="0.004">
    <system-out>
      <![CDATA[Account is deleted]]>
    </system-out>
  </testcase> <!-- deleteAccount -->
  <system-out>
    <![CDATA[Account is created
Account is edited
Account is deleted]]>
  </system-out>
</testsuite> <!-- Assignment.assignment37 -->
