<?xml version="1.0" encoding="UTF-8"?>
<!-- Generated by org.testng.reporters.JUnitReportReporter -->
<testsuite hostname="LAPTOP-6AITHIOJ" failures="0" tests="1" name="testng.RollsRoyce" time="3.533" errors="0" timestamp="2025-07-18T15:43:05 IST" skipped="0">
  <testcase classname="testng.RollsRoyce" name="launch" time="3.533">
    <system-out>
      <![CDATA[RollsRoyce launched]]>
    </system-out>
  </testcase> <!-- launch -->
  <system-out>
    <![CDATA[Toyota launched
RollsRoyce launched
Bugatti launched]]>
  </system-out>
</testsuite> <!-- testng.RollsRoyce -->
