<?xml version="1.0" encoding="UTF-8"?>
<!-- Generated by org.testng.reporters.JUnitReportReporter -->
<testsuite hostname="LAPTOP-6AITHIOJ" failures="0" tests="3" name="dataProvider.dataProviderass41" time="16.943" errors="0" timestamp="2025-07-24T11:59:55 IST" skipped="0">
  <testcase classname="dataProvider.dataProviderass41" name="register" time="4.737"/>
  <testcase classname="dataProvider.dataProviderass41" name="register" time="7.101"/>
  <testcase classname="dataProvider.dataProviderass41" name="register" time="5.105"/>
</testsuite> <!-- dataProvider.dataProviderass41 -->
