<?xml version="1.0" encoding="UTF-8"?>
<!-- Generated by org.testng.reporters.JUnitReportReporter -->
<testsuite hostname="LAPTOP-6AITHIOJ" failures="0" tests="2" name="testng.LearnDependsOnMethods" time="7.483" errors="0" timestamp="2025-07-17T15:57:26 IST" skipped="0">
  <testcase classname="testng.LearnDependsOnMethods" name="register" time="4.230"/>
  <testcase classname="testng.LearnDependsOnMethods" name="login" time="3.253"/>
</testsuite> <!-- testng.LearnDependsOnMethods -->
