<?xml version="1.0" encoding="UTF-8"?>
<!-- Generated by org.testng.reporters.JUnitReportReporter -->
<testsuite hostname="LAPTOP-6AITHIOJ" failures="0" tests="1" name="testng.KTM" time="1.324" errors="0" timestamp="2025-07-21T12:27:05 IST" skipped="0">
  <testcase classname="testng.KTM" name="launch" time="1.324">
    <system-out>
      <![CDATA[KTM launched]]>
    </system-out>
  </testcase> <!-- launch -->
  <system-out>
    <![CDATA[Kawasaki launched
Yamaha launched
KTM launched]]>
  </system-out>
</testsuite> <!-- testng.KTM -->
